# JRE version: Java(TM) SE Runtime Environment (8.0_301-b09) (build 1.8.0_301-b09)
# Java VM: Java HotSpot(TM) 64-Bit Server VM (25.301-b09 mixed mode windows-amd64 compressed oops)
Heap:
 PSYoungGen      total 320000K, used 54602K [0x00000000eb400000, 0x00000000fff80000, 0x0000000100000000)
  eden space 303616K, 15% used [0x00000000eb400000,0x00000000ee149360,0x00000000fdc80000)
  from space 16384K, 50% used [0x00000000fdc80000,0x00000000fe489618,0x00000000fec80000)
  to   space 15872K, 0% used [0x00000000ff000000,0x00000000ff000000,0x00000000fff80000)
 ParOldGen       total 71168K, used 24894K [0x00000000c1c00000, 0x00000000c6180000, 0x00000000eb400000)
  object space 71168K, 34% used [0x00000000c1c00000,0x00000000c344f950,0x00000000c6180000)
 Metaspace       used 62024K, capacity 66536K, committed 66816K, reserved 1105920K
  class space    used 8703K, capacity 9433K, committed 9472K, reserved 1048576K
GC Heap History (10 events):
Event: 10.304 GC heap before
{Heap before GC invocations=15 (full 3):
 PSYoungGen      total 255488K, used 7451K [0x00000000eb400000, 0x00000000fc000000, 0x0000000100000000)
  eden space 241664K, 0% used [0x00000000eb400000,0x00000000eb400000,0x00000000fa000000)
  from space 13824K, 53% used [0x00000000fb280000,0x00000000fb9c6d68,0x00000000fc000000)
  to   space 16384K, 0% used [0x00000000fa000000,0x00000000fa000000,0x00000000fb000000)
 ParOldGen       total 49152K, used 32964K [0x00000000c1c00000, 0x00000000c4c00000, 0x00000000eb400000)
  object space 49152K, 67% used [0x00000000c1c00000,0x00000000c3c31130,0x00000000c4c00000)
 Metaspace       used 55049K, capacity 58946K, committed 59028K, reserved 1099776K
  class space    used 7713K, capacity 8368K, committed 8448K, reserved 1048576K
Event: 10.504 GC heap after
Heap after GC invocations=15 (full 3):
 PSYoungGen      total 255488K, used 0K [0x00000000eb400000, 0x00000000fc000000, 0x0000000100000000)
  eden space 241664K, 0% used [0x00000000eb400000,0x00000000eb400000,0x00000000fa000000)
  from space 13824K, 0% used [0x00000000fb280000,0x00000000fb280000,0x00000000fc000000)
  to   space 16384K, 0% used [0x00000000fa000000,0x00000000fa000000,0x00000000fb000000)
 ParOldGen       total 71168K, used 27368K [0x00000000c1c00000, 0x00000000c6180000, 0x00000000eb400000)
  object space 71168K, 38% used [0x00000000c1c00000,0x00000000c36ba170,0x00000000c6180000)
 Metaspace       used 55016K, capacity 58892K, committed 59028K, reserved 1099776K
  class space    used 7709K, capacity 8359K, committed 8448K, reserved 1048576K
}
Event: 423.465 GC heap before
{Heap before GC invocations=16 (full 3):
 PSYoungGen      total 255488K, used 241664K [0x00000000eb400000, 0x00000000fc000000, 0x0000000100000000)
  eden space 241664K, 100% used [0x00000000eb400000,0x00000000fa000000,0x00000000fa000000)
  from space 13824K, 0% used [0x00000000fb280000,0x00000000fb280000,0x00000000fc000000)
  to   space 16384K, 0% used [0x00000000fa000000,0x00000000fa000000,0x00000000fb000000)
 ParOldGen       total 71168K, used 27368K [0x00000000c1c00000, 0x00000000c6180000, 0x00000000eb400000)
  object space 71168K, 38% used [0x00000000c1c00000,0x00000000c36ba170,0x00000000c6180000)
 Metaspace       used 61238K, capacity 65522K, committed 65664K, reserved 1105920K
  class space    used 8579K, capacity 9270K, committed 9344K, reserved 1048576K
Event: 423.502 GC heap after
Heap after GC invocations=16 (full 3):
 PSYoungGen      total 258048K, used 10109K [0x00000000eb400000, 0x00000000ffd80000, 0x0000000100000000)
  eden space 241664K, 0% used [0x00000000eb400000,0x00000000eb400000,0x00000000fa000000)
  from space 16384K, 61% used [0x00000000fa000000,0x00000000fa9df630,0x00000000fb000000)
  to   space 16896K, 0% used [0x00000000fed00000,0x00000000fed00000,0x00000000ffd80000)
 ParOldGen       total 71168K, used 27384K [0x00000000c1c00000, 0x00000000c6180000, 0x00000000eb400000)
  object space 71168K, 38% used [0x00000000c1c00000,0x00000000c36be170,0x00000000c6180000)
 Metaspace       used 61238K, capacity 65522K, committed 65664K, reserved 1105920K
  class space    used 8579K, capacity 9270K, committed 9344K, reserved 1048576K
}
Event: 423.638 GC heap before
{Heap before GC invocations=17 (full 3):
 PSYoungGen      total 258048K, used 22777K [0x00000000eb400000, 0x00000000ffd80000, 0x0000000100000000)
  eden space 241664K, 5% used [0x00000000eb400000,0x00000000ec05f078,0x00000000fa000000)
  from space 16384K, 61% used [0x00000000fa000000,0x00000000fa9df630,0x00000000fb000000)
  to   space 16896K, 0% used [0x00000000fed00000,0x00000000fed00000,0x00000000ffd80000)
 ParOldGen       total 71168K, used 27384K [0x00000000c1c00000, 0x00000000c6180000, 0x00000000eb400000)
  object space 71168K, 38% used [0x00000000c1c00000,0x00000000c36be170,0x00000000c6180000)
 Metaspace       used 61385K, capacity 65678K, committed 65920K, reserved 1105920K
  class space    used 8607K, capacity 9327K, committed 9344K, reserved 1048576K
Event: 423.655 GC heap after
Heap after GC invocations=17 (full 3):
 PSYoungGen      total 319488K, used 4216K [0x00000000eb400000, 0x00000000ffc80000, 0x0000000100000000)
  eden space 303616K, 0% used [0x00000000eb400000,0x00000000eb400000,0x00000000fdc80000)
  from space 15872K, 26% used [0x00000000fed00000,0x00000000ff11e010,0x00000000ffc80000)
  to   space 16384K, 0% used [0x00000000fdc80000,0x00000000fdc80000,0x00000000fec80000)
 ParOldGen       total 71168K, used 27392K [0x00000000c1c00000, 0x00000000c6180000, 0x00000000eb400000)
  object space 71168K, 38% used [0x00000000c1c00000,0x00000000c36c0170,0x00000000c6180000)
 Metaspace       used 61385K, capacity 65678K, committed 65920K, reserved 1105920K
  class space    used 8607K, capacity 9327K, committed 9344K, reserved 1048576K
}
Event: 423.655 GC heap before
{Heap before GC invocations=18 (full 4):
 PSYoungGen      total 319488K, used 4216K [0x00000000eb400000, 0x00000000ffc80000, 0x0000000100000000)
  eden space 303616K, 0% used [0x00000000eb400000,0x00000000eb400000,0x00000000fdc80000)
  from space 15872K, 26% used [0x00000000fed00000,0x00000000ff11e010,0x00000000ffc80000)
  to   space 16384K, 0% used [0x00000000fdc80000,0x00000000fdc80000,0x00000000fec80000)
 ParOldGen       total 71168K, used 27392K [0x00000000c1c00000, 0x00000000c6180000, 0x00000000eb400000)
  object space 71168K, 38% used [0x00000000c1c00000,0x00000000c36c0170,0x00000000c6180000)
 Metaspace       used 61385K, capacity 65678K, committed 65920K, reserved 1105920K
  class space    used 8607K, capacity 9327K, committed 9344K, reserved 1048576K
Event: 424.039 GC heap after
Heap after GC invocations=18 (full 4):
 PSYoungGen      total 319488K, used 0K [0x00000000eb400000, 0x00000000ffc80000, 0x0000000100000000)
  eden space 303616K, 0% used [0x00000000eb400000,0x00000000eb400000,0x00000000fdc80000)
  from space 15872K, 0% used [0x00000000fed00000,0x00000000fed00000,0x00000000ffc80000)
  to   space 16384K, 0% used [0x00000000fdc80000,0x00000000fdc80000,0x00000000fec80000)
 ParOldGen       total 71168K, used 24886K [0x00000000c1c00000, 0x00000000c6180000, 0x00000000eb400000)
  object space 71168K, 34% used [0x00000000c1c00000,0x00000000c344d950,0x00000000c6180000)
 Metaspace       used 61371K, capacity 65636K, committed 65920K, reserved 1105920K
  class space    used 8602K, capacity 9318K, committed 9344K, reserved 1048576K
}
Event: 979.081 GC heap before
{Heap before GC invocations=19 (full 4):
 PSYoungGen      total 319488K, used 303616K [0x00000000eb400000, 0x00000000ffc80000, 0x0000000100000000)
  eden space 303616K, 100% used [0x00000000eb400000,0x00000000fdc80000,0x00000000fdc80000)
  from space 15872K, 0% used [0x00000000fed00000,0x00000000fed00000,0x00000000ffc80000)
  to   space 16384K, 0% used [0x00000000fdc80000,0x00000000fdc80000,0x00000000fec80000)
 ParOldGen       total 71168K, used 24886K [0x00000000c1c00000, 0x00000000c6180000, 0x00000000eb400000)
  object space 71168K, 34% used [0x00000000c1c00000,0x00000000c344d950,0x00000000c6180000)
 Metaspace       used 61990K, capacity 66410K, committed 66560K, reserved 1105920K
  class space    used 8695K, capacity 9423K, committed 9472K, reserved 1048576K
Event: 979.103 GC heap after
Heap after GC invocations=19 (full 4):
 PSYoungGen      total 320000K, used 8229K [0x00000000eb400000, 0x00000000fff80000, 0x0000000100000000)
  eden space 303616K, 0% used [0x00000000eb400000,0x00000000eb400000,0x00000000fdc80000)
  from space 16384K, 50% used [0x00000000fdc80000,0x00000000fe489618,0x00000000fec80000)
  to   space 15872K, 0% used [0x00000000ff000000,0x00000000ff000000,0x00000000fff80000)
 ParOldGen       total 71168K, used 24894K [0x00000000c1c00000, 0x00000000c6180000, 0x00000000eb400000)
  object space 71168K, 34% used [0x00000000c1c00000,0x00000000c344f950,0x00000000c6180000)
 Metaspace       used 61990K, capacity 66410K, committed 66560K, reserved 1105920K
  class space    used 8695K, capacity 9423K, committed 9472K, reserved 1048576K
}

